# Logfile created on 2014-01-04 00:38:53 -0700 by logger.rb/31641
2014-01-04 00:38:53 -0700: Reimu Raymoo -> stretcher: !bread
2014-01-04 00:38:53 -0700: stretcher -> Reimu Raymoo: bread: http://4chan.org/vp/res/17120283#bottom
2014-01-04 01:12:32 -0700: Nsyncluvr69⌐■_■ -> stretcher: !8ball will you take the dick?
2014-01-04 01:12:32 -0700: stretcher -> Nsyncluvr69⌐■_■: (Nsyncluvr69⌐■_■) Cannot predict now
2014-01-04 01:12:48 -0700: Nsyncluvr69⌐■_■ -> stretcher: !8ball will you take it now?
2014-01-04 01:12:48 -0700: stretcher -> Nsyncluvr69⌐■_■: (Nsyncluvr69⌐■_■) Ask again later
2014-01-04 01:13:21 -0700: Nsyncluvr69⌐■_■ -> stretcher: !8ball how about now?
2014-01-04 01:13:21 -0700: stretcher -> Nsyncluvr69⌐■_■: (Nsyncluvr69⌐■_■) Without a doubt
2014-01-04 02:33:38 -0700: Tc ultraa -> stretcher: !voice Tc ultra
2014-01-04 02:33:52 -0700: Tc ultraa -> stretcher: !voice Tc ultraa
2014-01-04 02:33:57 -0700: Tc ultraa -> stretcher: !chimp
2014-01-04 02:34:07 -0700: Tc ultraa -> stretcher: !8ball can you voice me
2014-01-04 07:17:23 -0700: pick -> stretcher: banlist
2014-01-04 07:18:25 -0700: pick -> stretcher: banlist
2014-01-04 07:19:19 -0700: pick -> stretcher: banlist
2014-01-04 07:20:50 -0700: pick -> stretcher: banlist
2014-01-04 07:21:52 -0700: pick -> stretcher: banlist
2014-01-04 07:24:05 -0700: pick -> stretcher: banlist
2014-01-04 07:24:54 -0700: pick -> stretcher: banlist
2014-01-04 07:25:09 -0700: pick -> stretcher: banlist
2014-01-04 07:27:00 -0700: pick -> stretcher: banlist
2014-01-04 07:34:30 -0700: pick -> stretcher: banlist
2014-01-04 07:35:49 -0700: pick -> stretcher: banlist
2014-01-04 07:39:00 -0700: pick -> stretcher: banlist
2014-01-04 07:39:52 -0700: pick -> stretcher: banlist
2014-01-04 07:40:47 -0700: pick -> stretcher: banlist
2014-01-04 07:44:45 -0700: pick -> stretcher: banlist
2014-01-04 07:45:30 -0700: pick -> stretcher: banlist
2014-01-04 07:45:33 -0700: pick -> stretcher: banlist
2014-01-04 07:49:43 -0700: pick -> stretcher: banlist
2014-01-04 07:49:43 -0700: stretcher -> pick: {"key":"xabikukoma"}
2014-01-04 07:51:17 -0700: pick -> stretcher: banlist
2014-01-04 07:52:45 -0700: pick -> stretcher: banlist
2014-01-04 07:52:46 -0700: stretcher -> pick: http://hastebin.com/dayirulufo
2014-01-04 07:53:59 -0700: pick -> stretcher: banlist
2014-01-04 07:53:59 -0700: stretcher -> pick: http://hastebin.com/kevorikoya
2014-01-04 07:55:16 -0700: KeyLawLaw -> stretcher: Hearing a knock, I find myself opening the door, where a man stands holding my date of the night, you.
2014-01-04 07:55:16 -0700: KeyLawLaw -> stretcher: I pay the man for delivering you, and give him my regards. I get close to my delivery and set your back onto the table.
2014-01-04 07:55:17 -0700: KeyLawLaw -> stretcher: I caress your body over your clothes, my face pulls closer to your as I smell her delicious scent.
2014-01-04 07:55:17 -0700: KeyLawLaw -> stretcher: I can't hold myself... I open you up, revealing your bare body. Your sweet scent is now filling the whole room..
2014-01-04 07:55:18 -0700: KeyLawLaw -> stretcher: I grin, I just can't contain my lustful hands and mouth now. I move my hands under you, ripping you apart.
2014-01-04 07:55:21 -0700: KeyLawLaw -> stretcher: Cheese flows from your pizza box to my mouth. Just one night, and I eat you whole and I feel complete.
2014-01-04 07:55:22 -0700: KeyLawLaw -> stretcher: !8ball Did I make you horny or cum?
2014-01-04 07:55:22 -0700: stretcher -> KeyLawLaw: (KeyLawLaw) Reply hazy try again
2014-01-04 07:55:35 -0700: KeyLawLaw -> stretcher: !8ball Did I may you cum?
2014-01-04 07:55:35 -0700: stretcher -> KeyLawLaw: (KeyLawLaw) Don't count on it
2014-01-04 07:55:39 -0700: KeyLawLaw -> stretcher: Fuck you Zarel.
